<?xml version="1.0" encoding="UTF-8"?>
<testng-results skipped="0" failed="0" ignored="0" total="1" passed="1">
  <reporter-output>
  </reporter-output>
  <suite name="Default suite" duration-ms="15263" started-at="2020-02-20T10:11:19 IST" finished-at="2020-02-20T10:11:34 IST">
    <groups>
    </groups>
    <test name="Default test" duration-ms="15263" started-at="2020-02-20T10:11:19 IST" finished-at="2020-02-20T10:11:34 IST">
      <class name="Assign.keyboard">
        <test-method status="PASS" signature="key()[pri:0, instance:Assign.keyboard@370736d9]" name="key" duration-ms="15162" started-at="2020-02-20T10:11:19 IST" finished-at="2020-02-20T10:11:34 IST">
          <reporter-output>
          </reporter-output>
        </test-method> <!-- key -->
      </class> <!-- Assign.keyboard -->
    </test> <!-- Default test -->
  </suite> <!-- Default suite -->
</testng-results>
