<?xml version="1.0" encoding="UTF-8"?>
<testng-results skipped="0" failed="1" ignored="0" total="8" passed="7">
  <reporter-output>
  </reporter-output>
  <suite name="Suite" duration-ms="324855" started-at="2020-03-07T12:22:58 IST" finished-at="2020-03-07T12:28:23 IST">
    <groups>
    </groups>
    <test name="Test" duration-ms="324855" started-at="2020-03-07T12:22:58 IST" finished-at="2020-03-07T12:28:23 IST">
      <class name="Com.testcase.Amazon_login_testcase_firefox">
        <test-method status="PASS" signature="startup()[pri:0, instance:Com.testcase.Amazon_login_testcase_firefox@33cb5951]" name="startup" is-config="true" duration-ms="15480" started-at="2020-03-07T12:24:07 IST" finished-at="2020-03-07T12:24:23 IST">
          <reporter-output>
          </reporter-output>
        </test-method> <!-- startup -->
        <test-method status="PASS" signature="login()[pri:0, instance:Com.testcase.Amazon_login_testcase_firefox@33cb5951]" name="login" duration-ms="8594" started-at="2020-03-07T12:24:23 IST" finished-at="2020-03-07T12:24:31 IST">
          <reporter-output>
          </reporter-output>
        </test-method> <!-- login -->
        <test-method status="PASS" signature="close()[pri:0, instance:Com.testcase.Amazon_login_testcase_firefox@33cb5951]" name="close" is-config="true" duration-ms="10761" started-at="2020-03-07T12:24:31 IST" finished-at="2020-03-07T12:24:42 IST">
          <reporter-output>
          </reporter-output>
        </test-method> <!-- close -->
        <test-method status="PASS" signature="startup()[pri:0, instance:Com.testcase.Amazon_login_testcase_firefox@33cb5951]" name="startup" is-config="true" duration-ms="16535" started-at="2020-03-07T12:24:42 IST" finished-at="2020-03-07T12:24:59 IST">
          <reporter-output>
          </reporter-output>
        </test-method> <!-- startup -->
        <test-method status="PASS" signature="login1()[pri:0, instance:Com.testcase.Amazon_login_testcase_firefox@33cb5951]" name="login1" duration-ms="6017" started-at="2020-03-07T12:24:59 IST" finished-at="2020-03-07T12:25:05 IST">
          <reporter-output>
          </reporter-output>
        </test-method> <!-- login1 -->
        <test-method status="PASS" signature="close()[pri:0, instance:Com.testcase.Amazon_login_testcase_firefox@33cb5951]" name="close" is-config="true" duration-ms="70670" started-at="2020-03-07T12:25:05 IST" finished-at="2020-03-07T12:26:15 IST">
          <reporter-output>
          </reporter-output>
        </test-method> <!-- close -->
      </class> <!-- Com.testcase.Amazon_login_testcase_firefox -->
      <class name="Com.testcase.Amazon_Account_testcase_firefox">
        <test-method status="PASS" signature="startup()[pri:0, instance:Com.testcase.Amazon_Account_testcase_firefox@282003e1]" name="startup" is-config="true" duration-ms="15323" started-at="2020-03-07T12:27:53 IST" finished-at="2020-03-07T12:28:09 IST">
          <reporter-output>
          </reporter-output>
        </test-method> <!-- startup -->
        <test-method status="FAIL" signature="move()[pri:0, instance:Com.testcase.Amazon_Account_testcase_firefox@282003e1]" name="move" duration-ms="1167" started-at="2020-03-07T12:28:09 IST" finished-at="2020-03-07T12:28:10 IST">
          <exception class="org.openqa.selenium.WebDriverException">
            <message>
              <![CDATA[TypeError: rect is undefined
Build info: version: '3.141.59', revision: 'e82be7d358', time: '2018-11-14T08:17:03'
System info: host: 'BLT1218', ip: '192.168.1.218', os.name: 'Windows 7', os.arch: 'amd64', os.version: '6.1', java.version: '1.8.0_221'
Driver info: org.openqa.selenium.firefox.FirefoxDriver
Capabilities {acceptInsecureCerts: true, browserName: firefox, browserVersion: 73.0.1, javascriptEnabled: true, moz:accessibilityChecks: false, moz:buildID: 20200217142647, moz:geckodriverVersion: 0.26.0, moz:headless: false, moz:processID: 6404, moz:profile: C:\Users\BLTuser.BLT1218\Ap..., moz:shutdownTimeout: 60000, moz:useNonSpecCompliantPointerOrigin: false, moz:webdriverClick: true, pageLoadStrategy: normal, platform: WINDOWS, platformName: WINDOWS, platformVersion: 6.1, rotatable: false, setWindowRect: true, strictFileInteractability: false, timeouts: {implicit: 0, pageLoad: 300000, script: 30000}, unhandledPromptBehavior: dismiss and notify}
Session ID: 2ffef862-1f7b-4484-9ad7-827c1956764b]]>
            </message>
            <full-stacktrace>
              <![CDATA[org.openqa.selenium.WebDriverException: TypeError: rect is undefined
Build info: version: '3.141.59', revision: 'e82be7d358', time: '2018-11-14T08:17:03'
System info: host: 'BLT1218', ip: '192.168.1.218', os.name: 'Windows 7', os.arch: 'amd64', os.version: '6.1', java.version: '1.8.0_221'
Driver info: org.openqa.selenium.firefox.FirefoxDriver
Capabilities {acceptInsecureCerts: true, browserName: firefox, browserVersion: 73.0.1, javascriptEnabled: true, moz:accessibilityChecks: false, moz:buildID: 20200217142647, moz:geckodriverVersion: 0.26.0, moz:headless: false, moz:processID: 6404, moz:profile: C:\Users\BLTuser.BLT1218\Ap..., moz:shutdownTimeout: 60000, moz:useNonSpecCompliantPointerOrigin: false, moz:webdriverClick: true, pageLoadStrategy: normal, platform: WINDOWS, platformName: WINDOWS, platformVersion: 6.1, rotatable: false, setWindowRect: true, strictFileInteractability: false, timeouts: {implicit: 0, pageLoad: 300000, script: 30000}, unhandledPromptBehavior: dismiss and notify}
Session ID: 2ffef862-1f7b-4484-9ad7-827c1956764b
at sun.reflect.NativeConstructorAccessorImpl.newInstance0(Native Method)
at sun.reflect.NativeConstructorAccessorImpl.newInstance(Unknown Source)
at sun.reflect.DelegatingConstructorAccessorImpl.newInstance(Unknown Source)
at java.lang.reflect.Constructor.newInstance(Unknown Source)
at org.openqa.selenium.remote.http.W3CHttpResponseCodec.createException(W3CHttpResponseCodec.java:187)
at org.openqa.selenium.remote.http.W3CHttpResponseCodec.decode(W3CHttpResponseCodec.java:122)
at org.openqa.selenium.remote.http.W3CHttpResponseCodec.decode(W3CHttpResponseCodec.java:49)
at org.openqa.selenium.remote.HttpCommandExecutor.execute(HttpCommandExecutor.java:158)
at org.openqa.selenium.remote.service.DriverCommandExecutor.execute(DriverCommandExecutor.java:83)
at org.openqa.selenium.remote.RemoteWebDriver.execute(RemoteWebDriver.java:552)
at org.openqa.selenium.remote.RemoteWebDriver.perform(RemoteWebDriver.java:618)
at org.openqa.selenium.interactions.Actions$BuiltAction.perform(Actions.java:639)
at Com.pages.Amazon_Accounts_page.move(Amazon_Accounts_page.java:21)
at Com.testcase.Amazon_Account_testcase_firefox.move(Amazon_Account_testcase_firefox.java:22)
at sun.reflect.NativeMethodAccessorImpl.invoke0(Native Method)
at sun.reflect.NativeMethodAccessorImpl.invoke(Unknown Source)
at sun.reflect.DelegatingMethodAccessorImpl.invoke(Unknown Source)
at java.lang.reflect.Method.invoke(Unknown Source)
at org.testng.internal.MethodInvocationHelper.invokeMethod(MethodInvocationHelper.java:133)
at org.testng.internal.TestInvoker.invokeMethod(TestInvoker.java:584)
at org.testng.internal.TestInvoker.invokeTestMethod(TestInvoker.java:172)
at org.testng.internal.MethodRunner.runInSequence(MethodRunner.java:46)
at org.testng.internal.TestInvoker$MethodInvocationAgent.invoke(TestInvoker.java:804)
at org.testng.internal.TestInvoker.invokeTestMethods(TestInvoker.java:145)
at org.testng.internal.TestMethodWorker.invokeTestMethods(TestMethodWorker.java:146)
at org.testng.internal.TestMethodWorker.run(TestMethodWorker.java:128)
at java.util.ArrayList.forEach(Unknown Source)
at org.testng.TestRunner.privateRun(TestRunner.java:770)
at org.testng.TestRunner.run(TestRunner.java:591)
at org.testng.SuiteRunner.runTest(SuiteRunner.java:402)
at org.testng.SuiteRunner.runSequentially(SuiteRunner.java:396)
at org.testng.SuiteRunner.privateRun(SuiteRunner.java:355)
at org.testng.SuiteRunner.run(SuiteRunner.java:304)
at org.testng.SuiteRunnerWorker.runSuite(SuiteRunnerWorker.java:53)
at org.testng.SuiteRunnerWorker.run(SuiteRunnerWorker.java:96)
at org.testng.TestNG.runSuitesSequentially(TestNG.java:1180)
at org.testng.TestNG.runSuitesLocally(TestNG.java:1102)
at org.testng.TestNG.runSuites(TestNG.java:1032)
at org.testng.TestNG.run(TestNG.java:1000)
at org.testng.remote.AbstractRemoteTestNG.run(AbstractRemoteTestNG.java:115)
at org.testng.remote.RemoteTestNG.initAndRun(RemoteTestNG.java:251)
at org.testng.remote.RemoteTestNG.main(RemoteTestNG.java:77)
]]>
            </full-stacktrace>
          </exception> <!-- org.openqa.selenium.WebDriverException -->
          <reporter-output>
          </reporter-output>
        </test-method> <!-- move -->
        <test-method status="PASS" signature="close()[pri:0, instance:Com.testcase.Amazon_Account_testcase_firefox@282003e1]" name="close" is-config="true" duration-ms="12783" started-at="2020-03-07T12:28:10 IST" finished-at="2020-03-07T12:28:23 IST">
          <reporter-output>
          </reporter-output>
        </test-method> <!-- close -->
      </class> <!-- Com.testcase.Amazon_Account_testcase_firefox -->
      <class name="Com.testcase.Amazon_search_testcase">
        <test-method status="PASS" signature="startup()[pri:0, instance:Com.testcase.Amazon_search_testcase@365c30cc]" name="startup" is-config="true" duration-ms="15445" started-at="2020-03-07T12:26:15 IST" finished-at="2020-03-07T12:26:31 IST">
          <reporter-output>
          </reporter-output>
        </test-method> <!-- startup -->
        <test-method status="PASS" signature="move()[pri:0, instance:Com.testcase.Amazon_search_testcase@365c30cc]" name="move" duration-ms="20721" started-at="2020-03-07T12:26:31 IST" finished-at="2020-03-07T12:26:52 IST">
          <reporter-output>
          </reporter-output>
        </test-method> <!-- move -->
        <test-method status="PASS" signature="close()[pri:0, instance:Com.testcase.Amazon_search_testcase@365c30cc]" name="close" is-config="true" duration-ms="3669" started-at="2020-03-07T12:26:52 IST" finished-at="2020-03-07T12:26:55 IST">
          <reporter-output>
          </reporter-output>
        </test-method> <!-- close -->
      </class> <!-- Com.testcase.Amazon_search_testcase -->
      <class name="Com.testcase.Amazon_search_testcase_firefox">
        <test-method status="PASS" signature="startup()[pri:0, instance:Com.testcase.Amazon_search_testcase_firefox@701fc37a]" name="startup" is-config="true" duration-ms="13367" started-at="2020-03-07T12:26:55 IST" finished-at="2020-03-07T12:27:09 IST">
          <reporter-output>
          </reporter-output>
        </test-method> <!-- startup -->
        <test-method status="PASS" signature="move()[pri:0, instance:Com.testcase.Amazon_search_testcase_firefox@701fc37a]" name="move" duration-ms="6262" started-at="2020-03-07T12:27:09 IST" finished-at="2020-03-07T12:27:15 IST">
          <reporter-output>
          </reporter-output>
        </test-method> <!-- move -->
        <test-method status="PASS" signature="close()[pri:0, instance:Com.testcase.Amazon_search_testcase_firefox@701fc37a]" name="close" is-config="true" duration-ms="15474" started-at="2020-03-07T12:27:15 IST" finished-at="2020-03-07T12:27:30 IST">
          <reporter-output>
          </reporter-output>
        </test-method> <!-- close -->
      </class> <!-- Com.testcase.Amazon_search_testcase_firefox -->
      <class name="Com.testcase.Amazon_Account_testcase">
        <test-method status="PASS" signature="startup()[pri:0, instance:Com.testcase.Amazon_Account_testcase@4148db48]" name="startup" is-config="true" duration-ms="15492" started-at="2020-03-07T12:27:30 IST" finished-at="2020-03-07T12:27:46 IST">
          <reporter-output>
          </reporter-output>
        </test-method> <!-- startup -->
        <test-method status="PASS" signature="move()[pri:0, instance:Com.testcase.Amazon_Account_testcase@4148db48]" name="move" duration-ms="3646" started-at="2020-03-07T12:27:46 IST" finished-at="2020-03-07T12:27:49 IST">
          <reporter-output>
          </reporter-output>
        </test-method> <!-- move -->
        <test-method status="PASS" signature="close()[pri:0, instance:Com.testcase.Amazon_Account_testcase@4148db48]" name="close" is-config="true" duration-ms="3842" started-at="2020-03-07T12:27:49 IST" finished-at="2020-03-07T12:27:53 IST">
          <reporter-output>
          </reporter-output>
        </test-method> <!-- close -->
      </class> <!-- Com.testcase.Amazon_Account_testcase -->
      <class name="Com.testcase.Amazon_login_testcase">
        <test-method status="PASS" signature="startup()[pri:0, instance:Com.testcase.Amazon_login_testcase@32a068d1]" name="startup" is-config="true" duration-ms="18599" started-at="2020-03-07T12:22:58 IST" finished-at="2020-03-07T12:23:16 IST">
          <reporter-output>
          </reporter-output>
        </test-method> <!-- startup -->
        <test-method status="PASS" signature="login()[pri:0, instance:Com.testcase.Amazon_login_testcase@32a068d1]" name="login" duration-ms="16876" started-at="2020-03-07T12:23:16 IST" finished-at="2020-03-07T12:23:33 IST">
          <reporter-output>
          </reporter-output>
        </test-method> <!-- login -->
        <test-method status="PASS" signature="close()[pri:0, instance:Com.testcase.Amazon_login_testcase@32a068d1]" name="close" is-config="true" duration-ms="6044" started-at="2020-03-07T12:23:33 IST" finished-at="2020-03-07T12:23:39 IST">
          <reporter-output>
          </reporter-output>
        </test-method> <!-- close -->
        <test-method status="PASS" signature="startup()[pri:0, instance:Com.testcase.Amazon_login_testcase@32a068d1]" name="startup" is-config="true" duration-ms="16270" started-at="2020-03-07T12:23:39 IST" finished-at="2020-03-07T12:23:56 IST">
          <reporter-output>
          </reporter-output>
        </test-method> <!-- startup -->
        <test-method status="PASS" signature="login1()[pri:0, instance:Com.testcase.Amazon_login_testcase@32a068d1]" name="login1" duration-ms="8766" started-at="2020-03-07T12:23:56 IST" finished-at="2020-03-07T12:24:04 IST">
          <reporter-output>
          </reporter-output>
        </test-method> <!-- login1 -->
        <test-method status="PASS" signature="close()[pri:0, instance:Com.testcase.Amazon_login_testcase@32a068d1]" name="close" is-config="true" duration-ms="2907" started-at="2020-03-07T12:24:04 IST" finished-at="2020-03-07T12:24:07 IST">
          <reporter-output>
          </reporter-output>
        </test-method> <!-- close -->
      </class> <!-- Com.testcase.Amazon_login_testcase -->
    </test> <!-- Test -->
  </suite> <!-- Suite -->
</testng-results>
